<?xml version="1.0" encoding="UTF-8"?>
<!-- Generated by org.testng.reporters.JUnitReportReporter -->
<testsuite hostname="JHUMA" failures="0" tests="2" name="Practice.LoginTest" time="0.015" errors="0" timestamp="2023-01-09T12:16:14 EST" skipped="0">
  <testcase classname="Practice.LoginTest" name="logoutTest" time="0.003"/>
  <system-out/>
  <testcase classname="Practice.LoginTest" name="loginTest" time="0.012"/>
  <system-out/>
</testsuite> <!-- Practice.LoginTest -->
