<?xml version="1.0" encoding="UTF-8"?>
<!-- Generated by org.testng.reporters.JUnitReportReporter -->
<testsuite hostname="JHUMA" failures="0" tests="1" name="Practice.TestNGTutorial02" time="0.013" errors="0" timestamp="2023-01-09T12:02:27 EST" skipped="0">
  <testcase classname="Practice.TestNGTutorial02" name="testNGTutorial02" time="0.013"/>
  <system-out/>
</testsuite> <!-- Practice.TestNGTutorial02 -->
