<?xml version="1.0" encoding="UTF-8"?>
<!-- Generated by org.testng.reporters.JUnitReportReporter -->
<testsuite hostname="JHUMA" failures="0" tests="3" name="InterviewQuestionsTest.ReverseANumber" time="35.848" errors="0" timestamp="2023-01-10T13:39:28 EST" skipped="0">
  <testcase classname="InterviewQuestionsTest.ReverseANumber" name="logic1" time="8.218"/>
  <system-out/>
  <testcase classname="InterviewQuestionsTest.ReverseANumber" name="logic2" time="15.964"/>
  <system-out/>
  <testcase classname="InterviewQuestionsTest.ReverseANumber" name="logic3" time="11.666"/>
  <system-out/>
</testsuite> <!-- InterviewQuestionsTest.ReverseANumber -->
