<?xml version="1.0" encoding="UTF-8"?>
<!-- Generated by org.testng.reporters.JUnitReportReporter -->
<testsuite hostname="JHUMA" failures="0" tests="3" name="InterviewQuestionsTest.ReverseAString" time="0.016" errors="0" timestamp="2023-01-10T15:41:54 EST" skipped="0">
  <testcase classname="InterviewQuestionsTest.ReverseAString" name="logic1" time="0.012"/>
  <system-out/>
  <testcase classname="InterviewQuestionsTest.ReverseAString" name="logic2" time="0.002"/>
  <system-out/>
  <testcase classname="InterviewQuestionsTest.ReverseAString" name="logic3" time="0.002"/>
  <system-out/>
</testsuite> <!-- InterviewQuestionsTest.ReverseAString -->
