<?xml version="1.0" encoding="UTF-8"?>
<!-- Generated by org.testng.reporters.JUnitReportReporter -->
<testsuite hostname="JHUMA" failures="0" tests="5" name="SwapTwoNumbers" time="0.022" errors="0" timestamp="2023-01-09T21:37:48 EST" skipped="0">
  <testcase classname="SwapTwoNumbers" name="logic1" time="0.012"/>
  <system-out/>
  <testcase classname="SwapTwoNumbers" name="logic2" time="0.003"/>
  <system-out/>
  <testcase classname="SwapTwoNumbers" name="logic3" time="0.002"/>
  <system-out/>
  <testcase classname="SwapTwoNumbers" name="logic4" time="0.001"/>
  <system-out/>
  <testcase classname="SwapTwoNumbers" name="logic5" time="0.004"/>
  <system-out/>
</testsuite> <!-- SwapTwoNumbers -->
