<?xml version="1.0" encoding="UTF-8"?>
<!-- Generated by org.testng.reporters.JUnitReportReporter -->
<testsuite hostname="JHUMA" failures="0" tests="1" name="com.mhmpractice.BeforeTestAfterTestDemo" time="0.018" errors="0" timestamp="2023-01-09T19:42:59 EST" skipped="0">
  <testcase classname="com.mhmpractice.BeforeTestAfterTestDemo" name="verifyHomepageTitle" time="0.018"/>
  <system-out/>
</testsuite> <!-- com.mhmpractice.BeforeTestAfterTestDemo -->
