<?xml version="1.0" encoding="UTF-8"?>
<!-- Generated by org.testng.reporters.JUnitReportReporter -->
<testsuite hostname="JHUMA" failures="0" tests="1" name="com.webdriver.KeyboardEventsDemo" time="18.035" errors="0" timestamp="2023-01-04T14:00:57 EST" skipped="0">
  <testcase classname="com.webdriver.KeyboardEventsDemo" name="keyboardEventsDemo" time="18.035"/>
  <system-out/>
</testsuite> <!-- com.webdriver.KeyboardEventsDemo -->
